<?xml version="1.0" encoding="UTF-8"?>
<testsuite name="raiderlib.RaiderLib" tests="1" skipped="0" failures="0" errors="0" timestamp="2019-12-22T22:51:02" hostname="Derek-PC" time="0.002">
  <properties/>
  <testcase name="testPath" classname="raiderlib.RaiderLib" time="0.002"/>
  <system-out><![CDATA[]]></system-out>
  <system-err><![CDATA[]]></system-err>
</testsuite>
